RUN	CLM.CLM_Transaction	clm-transaction	1680633713291	CLM TRANSACTION	3.9.0
USER	CLM_TRANSACTION_1	START	1680633714481
USER	CLM_TRANSACTION_2	START	1680633714481
USER	CLM_TRANSACTION_3	START	1680633714485
REQUEST		CLM_Transaction_2	1680633714520	1680633714521	KO	j.n.UnknownHostException: esbpprd1
REQUEST		CLM_Transaction_1	1680633714520	1680633714521	KO	j.n.UnknownHostException: esbpprd1
REQUEST		CLM_Transaction_3	1680633714521	1680633714521	KO	j.n.UnknownHostException: esbpprd1
USER	CLM_TRANSACTION_3	START	1680633723454
USER	CLM_TRANSACTION_2	START	1680633723454
USER	CLM_TRANSACTION_1	START	1680633723454
REQUEST		CLM_Transaction_1	1680633723460	1680633723461	KO	j.n.UnknownHostException: esbpprd1
REQUEST		CLM_Transaction_2	1680633723463	1680633723463	KO	j.n.UnknownHostException: esbpprd1
REQUEST		CLM_Transaction_3	1680633723463	1680633723463	KO	j.n.UnknownHostException: esbpprd1
REQUEST		CLM_Transaction_2	1680633724539	1680633724539	KO	j.n.UnknownHostException: esbpprd1
REQUEST		CLM_Transaction_1	1680633724534	1680633724539	KO	j.n.UnknownHostException: esbpprd1: Échec temporaire dans la résolution du nom
REQUEST		CLM_Transaction_3	1680633724537	1680633724543	KO	j.n.UnknownHostException: esbpprd1
USER	CLM_TRANSACTION_2	START	1680633732454
USER	CLM_TRANSACTION_3	START	1680633732454
USER	CLM_TRANSACTION_1	START	1680633732455
REQUEST		CLM_Transaction_2	1680633732459	1680633732459	KO	j.n.UnknownHostException: esbpprd1
REQUEST		CLM_Transaction_3	1680633732458	1680633732458	KO	j.n.UnknownHostException: esbpprd1
REQUEST		CLM_Transaction_1	1680633732460	1680633732460	KO	j.n.UnknownHostException: esbpprd1
REQUEST		CLM_Transaction_2	1680633733476	1680633733476	KO	j.n.UnknownHostException: esbpprd1
REQUEST		CLM_Transaction_3	1680633733478	1680633733478	KO	j.n.UnknownHostException: esbpprd1
REQUEST		CLM_Transaction_1	1680633733467	1680633733467	KO	j.n.UnknownHostException: esbpprd1
REQUEST		CLM_Transaction_1	1680633734543	1680633734548	KO	j.n.UnknownHostException: esbpprd1: Échec temporaire dans la résolution du nom
REQUEST		CLM_Transaction_3	1680633734548	1680633734549	KO	j.n.UnknownHostException: esbpprd1
REQUEST		CLM_Transaction_2	1680633734549	1680633734550	KO	j.n.UnknownHostException: esbpprd1
USER	CLM_TRANSACTION_3	START	1680633741454
USER	CLM_TRANSACTION_1	START	1680633741454
USER	CLM_TRANSACTION_2	START	1680633741454
REQUEST		CLM_Transaction_1	1680633741458	1680633741458	KO	j.n.UnknownHostException: esbpprd1
REQUEST		CLM_Transaction_2	1680633741460	1680633741460	KO	j.n.UnknownHostException: esbpprd1
REQUEST		CLM_Transaction_3	1680633741459	1680633741460	KO	j.n.UnknownHostException: esbpprd1
REQUEST		CLM_Transaction_2	1680633742463	1680633742464	KO	j.n.UnknownHostException: esbpprd1
REQUEST		CLM_Transaction_3	1680633742464	1680633742465	KO	j.n.UnknownHostException: esbpprd1
REQUEST		CLM_Transaction_1	1680633742466	1680633742466	KO	j.n.UnknownHostException: esbpprd1
REQUEST		CLM_Transaction_2	1680633743482	1680633743482	KO	j.n.UnknownHostException: esbpprd1
REQUEST		CLM_Transaction_3	1680633743485	1680633743486	KO	j.n.UnknownHostException: esbpprd1
REQUEST		CLM_Transaction_1	1680633743485	1680633743486	KO	j.n.UnknownHostException: esbpprd1
USER	CLM_TRANSACTION_2	END	1680633744560
USER	CLM_TRANSACTION_1	END	1680633744561
USER	CLM_TRANSACTION_3	END	1680633744567
USER	CLM_TRANSACTION_3	START	1680633750453
USER	CLM_TRANSACTION_2	START	1680633750453
USER	CLM_TRANSACTION_1	START	1680633750455
REQUEST		CLM_Transaction_2	1680633750457	1680633750460	KO	j.n.UnknownHostException: esbpprd1: Échec temporaire dans la résolution du nom
REQUEST		CLM_Transaction_3	1680633750457	1680633750460	KO	j.n.UnknownHostException: esbpprd1
REQUEST		CLM_Transaction_1	1680633750458	1680633750460	KO	j.n.UnknownHostException: esbpprd1
REQUEST		CLM_Transaction_1	1680633751463	1680633751464	KO	j.n.UnknownHostException: esbpprd1
REQUEST		CLM_Transaction_3	1680633751464	1680633751465	KO	j.n.UnknownHostException: esbpprd1
REQUEST		CLM_Transaction_2	1680633751466	1680633751466	KO	j.n.UnknownHostException: esbpprd1
REQUEST		CLM_Transaction_2	1680633752469	1680633752470	KO	j.n.UnknownHostException: esbpprd1
REQUEST		CLM_Transaction_3	1680633752471	1680633752471	KO	j.n.UnknownHostException: esbpprd1
REQUEST		CLM_Transaction_1	1680633752472	1680633752472	KO	j.n.UnknownHostException: esbpprd1
USER	CLM_TRANSACTION_2	END	1680633753485
USER	CLM_TRANSACTION_1	END	1680633753488
USER	CLM_TRANSACTION_3	END	1680633753489
USER	CLM_TRANSACTION_3	START	1680633759453
USER	CLM_TRANSACTION_1	START	1680633759454
USER	CLM_TRANSACTION_2	START	1680633759454
REQUEST		CLM_Transaction_3	1680633759457	1680633759457	KO	j.n.UnknownHostException: esbpprd1
REQUEST		CLM_Transaction_2	1680633759457	1680633759457	KO	j.n.UnknownHostException: esbpprd1
REQUEST		CLM_Transaction_1	1680633759457	1680633759457	KO	j.n.UnknownHostException: esbpprd1
REQUEST		CLM_Transaction_3	1680633760465	1680633760468	KO	j.n.UnknownHostException: esbpprd1: Échec temporaire dans la résolution du nom
REQUEST		CLM_Transaction_1	1680633760466	1680633760468	KO	j.n.UnknownHostException: esbpprd1
REQUEST		CLM_Transaction_2	1680633760465	1680633760469	KO	j.n.UnknownHostException: esbpprd1
REQUEST		CLM_Transaction_1	1680633761468	1680633761469	KO	j.n.UnknownHostException: esbpprd1
REQUEST		CLM_Transaction_3	1680633761469	1680633761470	KO	j.n.UnknownHostException: esbpprd1
REQUEST		CLM_Transaction_2	1680633761472	1680633761472	KO	j.n.UnknownHostException: esbpprd1
USER	CLM_TRANSACTION_2	END	1680633762473
USER	CLM_TRANSACTION_1	END	1680633762474
USER	CLM_TRANSACTION_3	END	1680633762474
USER	CLM_TRANSACTION_3	START	1680633768453
USER	CLM_TRANSACTION_2	START	1680633768453
USER	CLM_TRANSACTION_1	START	1680633768453
REQUEST		CLM_Transaction_1	1680633768457	1680633768457	KO	j.n.UnknownHostException: esbpprd1
REQUEST		CLM_Transaction_3	1680633768459	1680633768459	KO	j.n.UnknownHostException: esbpprd1
REQUEST		CLM_Transaction_2	1680633768458	1680633768459	KO	j.n.UnknownHostException: esbpprd1
REQUEST		CLM_Transaction_3	1680633769462	1680633769462	KO	j.n.UnknownHostException: esbpprd1
REQUEST		CLM_Transaction_1	1680633769464	1680633769465	KO	j.n.UnknownHostException: esbpprd1
REQUEST		CLM_Transaction_2	1680633769465	1680633769465	KO	j.n.UnknownHostException: esbpprd1
REQUEST		CLM_Transaction_1	1680633770470	1680633770471	KO	j.n.UnknownHostException: esbpprd1: Échec temporaire dans la résolution du nom
REQUEST		CLM_Transaction_3	1680633770472	1680633770472	KO	j.n.UnknownHostException: esbpprd1
REQUEST		CLM_Transaction_2	1680633770472	1680633770472	KO	j.n.UnknownHostException: esbpprd1
USER	CLM_TRANSACTION_3	END	1680633771472
USER	CLM_TRANSACTION_1	END	1680633771473
USER	CLM_TRANSACTION_2	END	1680633771474
USER	CLM_TRANSACTION_1	START	1680633777453
USER	CLM_TRANSACTION_2	START	1680633777453
USER	CLM_TRANSACTION_3	START	1680633777453
REQUEST		CLM_Transaction_3	1680633777456	1680633777456	KO	j.n.UnknownHostException: esbpprd1
REQUEST		CLM_Transaction_1	1680633777456	1680633777456	KO	j.n.UnknownHostException: esbpprd1
REQUEST		CLM_Transaction_2	1680633777456	1680633777456	KO	j.n.UnknownHostException: esbpprd1
REQUEST		CLM_Transaction_1	1680633778460	1680633778461	KO	j.n.UnknownHostException: esbpprd1
REQUEST		CLM_Transaction_3	1680633778464	1680633778464	KO	j.n.UnknownHostException: esbpprd1
REQUEST		CLM_Transaction_2	1680633778464	1680633778464	KO	j.n.UnknownHostException: esbpprd1
REQUEST		CLM_Transaction_3	1680633779466	1680633779467	KO	j.n.UnknownHostException: esbpprd1
REQUEST		CLM_Transaction_2	1680633779469	1680633779469	KO	j.n.UnknownHostException: esbpprd1
REQUEST		CLM_Transaction_1	1680633779470	1680633779470	KO	j.n.UnknownHostException: esbpprd1
USER	CLM_TRANSACTION_2	END	1680633780473
USER	CLM_TRANSACTION_1	END	1680633780473
USER	CLM_TRANSACTION_3	END	1680633780473
USER	CLM_TRANSACTION_2	START	1680633786453
USER	CLM_TRANSACTION_3	START	1680633786453
USER	CLM_TRANSACTION_1	START	1680633786454
REQUEST		CLM_Transaction_2	1680633786458	1680633786459	KO	j.n.UnknownHostException: esbpprd1
REQUEST		CLM_Transaction_1	1680633786457	1680633786460	KO	j.n.UnknownHostException: esbpprd1
REQUEST		CLM_Transaction_3	1680633786456	1680633786459	KO	j.n.UnknownHostException: esbpprd1: Échec temporaire dans la résolution du nom
REQUEST		CLM_Transaction_2	1680633787460	1680633787461	KO	j.n.UnknownHostException: esbpprd1
REQUEST		CLM_Transaction_3	1680633787460	1680633787461	KO	j.n.UnknownHostException: esbpprd1
REQUEST		CLM_Transaction_1	1680633787460	1680633787461	KO	j.n.UnknownHostException: esbpprd1
REQUEST		CLM_Transaction_1	1680633788465	1680633788465	KO	j.n.UnknownHostException: esbpprd1
REQUEST		CLM_Transaction_2	1680633788470	1680633788470	KO	j.n.UnknownHostException: esbpprd1
REQUEST		CLM_Transaction_3	1680633788470	1680633788471	KO	j.n.UnknownHostException: esbpprd1
USER	CLM_TRANSACTION_3	END	1680633789471
USER	CLM_TRANSACTION_2	END	1680633789471
USER	CLM_TRANSACTION_1	END	1680633789472
USER	CLM_TRANSACTION_3	START	1680633795453
USER	CLM_TRANSACTION_1	START	1680633795453
USER	CLM_TRANSACTION_2	START	1680633795453
REQUEST		CLM_Transaction_1	1680633795455	1680633795456	KO	j.n.UnknownHostException: esbpprd1
REQUEST		CLM_Transaction_3	1680633795455	1680633795456	KO	j.n.UnknownHostException: esbpprd1
REQUEST		CLM_Transaction_2	1680633795457	1680633795457	KO	j.n.UnknownHostException: esbpprd1
REQUEST		CLM_Transaction_3	1680633796465	1680633796465	KO	j.n.UnknownHostException: esbpprd1
REQUEST		CLM_Transaction_2	1680633796465	1680633796468	KO	j.n.UnknownHostException: esbpprd1: Échec temporaire dans la résolution du nom
REQUEST		CLM_Transaction_1	1680633796466	1680633796469	KO	j.n.UnknownHostException: esbpprd1
REQUEST		CLM_Transaction_3	1680633797465	1680633797465	KO	j.n.UnknownHostException: esbpprd1
REQUEST		CLM_Transaction_2	1680633797465	1680633797465	KO	j.n.UnknownHostException: esbpprd1
REQUEST		CLM_Transaction_1	1680633797466	1680633797467	KO	j.n.UnknownHostException: esbpprd1
USER	CLM_TRANSACTION_1	END	1680633798467
USER	CLM_TRANSACTION_2	END	1680633798472
USER	CLM_TRANSACTION_3	END	1680633798474
USER	CLM_TRANSACTION_2	START	1680633804453
USER	CLM_TRANSACTION_1	START	1680633804453
USER	CLM_TRANSACTION_3	START	1680633804454
REQUEST		CLM_Transaction_2	1680633804456	1680633804456	KO	j.n.UnknownHostException: esbpprd1
REQUEST		CLM_Transaction_1	1680633804456	1680633804456	KO	j.n.UnknownHostException: esbpprd1
REQUEST		CLM_Transaction_3	1680633804458	1680633804459	KO	j.n.UnknownHostException: esbpprd1
REQUEST		CLM_Transaction_1	1680633805460	1680633805461	KO	j.n.UnknownHostException: esbpprd1
REQUEST		CLM_Transaction_2	1680633805461	1680633805462	KO	j.n.UnknownHostException: esbpprd1
REQUEST		CLM_Transaction_3	1680633805463	1680633805464	KO	j.n.UnknownHostException: esbpprd1
REQUEST		CLM_Transaction_1	1680633806472	1680633806474	KO	j.n.UnknownHostException: esbpprd1
REQUEST		CLM_Transaction_2	1680633806472	1680633806474	KO	j.n.UnknownHostException: esbpprd1
REQUEST		CLM_Transaction_3	1680633806470	1680633806474	KO	j.n.UnknownHostException: esbpprd1: Échec temporaire dans la résolution du nom
USER	CLM_TRANSACTION_2	END	1680633807467
USER	CLM_TRANSACTION_3	END	1680633807468
USER	CLM_TRANSACTION_1	END	1680633807469
USER	CLM_TRANSACTION_3	START	1680633813453
USER	CLM_TRANSACTION_1	START	1680633813453
USER	CLM_TRANSACTION_2	START	1680633813453
REQUEST		CLM_Transaction_1	1680633813456	1680633813456	KO	j.n.UnknownHostException: esbpprd1
REQUEST		CLM_Transaction_2	1680633813456	1680633813456	KO	j.n.UnknownHostException: esbpprd1
REQUEST		CLM_Transaction_3	1680633813456	1680633813457	KO	j.n.UnknownHostException: esbpprd1
REQUEST		CLM_Transaction_2	1680633814461	1680633814462	KO	j.n.UnknownHostException: esbpprd1
REQUEST		CLM_Transaction_3	1680633814463	1680633814463	KO	j.n.UnknownHostException: esbpprd1
REQUEST		CLM_Transaction_1	1680633814465	1680633814465	KO	j.n.UnknownHostException: esbpprd1
REQUEST		CLM_Transaction_1	1680633815464	1680633815464	KO	j.n.UnknownHostException: esbpprd1
REQUEST		CLM_Transaction_2	1680633815464	1680633815465	KO	j.n.UnknownHostException: esbpprd1
REQUEST		CLM_Transaction_3	1680633815467	1680633815467	KO	j.n.UnknownHostException: esbpprd1
USER	CLM_TRANSACTION_1	END	1680633816476
USER	CLM_TRANSACTION_3	END	1680633816477
USER	CLM_TRANSACTION_2	END	1680633816477
USER	CLM_TRANSACTION_1	START	1680633822452
USER	CLM_TRANSACTION_3	START	1680633822452
USER	CLM_TRANSACTION_2	START	1680633822452
REQUEST		CLM_Transaction_1	1680633822454	1680633822454	KO	j.n.UnknownHostException: esbpprd1
REQUEST		CLM_Transaction_2	1680633822453	1680633822454	KO	j.n.UnknownHostException: esbpprd1: Échec temporaire dans la résolution du nom
REQUEST		CLM_Transaction_3	1680633822454	1680633822454	KO	j.n.UnknownHostException: esbpprd1
REQUEST		CLM_Transaction_2	1680633823458	1680633823458	KO	j.n.UnknownHostException: esbpprd1
REQUEST		CLM_Transaction_1	1680633823458	1680633823458	KO	j.n.UnknownHostException: esbpprd1
REQUEST		CLM_Transaction_3	1680633823458	1680633823458	KO	j.n.UnknownHostException: esbpprd1
REQUEST		CLM_Transaction_2	1680633824465	1680633824465	KO	j.n.UnknownHostException: esbpprd1
REQUEST		CLM_Transaction_3	1680633824466	1680633824466	KO	j.n.UnknownHostException: esbpprd1
REQUEST		CLM_Transaction_1	1680633824469	1680633824469	KO	j.n.UnknownHostException: esbpprd1
USER	CLM_TRANSACTION_2	END	1680633825466
USER	CLM_TRANSACTION_1	END	1680633825467
USER	CLM_TRANSACTION_3	END	1680633825469
USER	CLM_TRANSACTION_2	START	1680633831453
USER	CLM_TRANSACTION_1	START	1680633831453
USER	CLM_TRANSACTION_3	START	1680633831454
REQUEST		CLM_Transaction_2	1680633831455	1680633831455	KO	j.n.UnknownHostException: esbpprd1
REQUEST		CLM_Transaction_1	1680633831455	1680633831456	KO	j.n.UnknownHostException: esbpprd1
REQUEST		CLM_Transaction_3	1680633831456	1680633831457	KO	j.n.UnknownHostException: esbpprd1
REQUEST		CLM_Transaction_1	1680633832457	1680633832457	KO	j.n.UnknownHostException: esbpprd1
REQUEST		CLM_Transaction_2	1680633832459	1680633832460	KO	j.n.UnknownHostException: esbpprd1
REQUEST		CLM_Transaction_3	1680633832457	1680633832460	KO	j.n.UnknownHostException: esbpprd1: Échec temporaire dans la résolution du nom
REQUEST		CLM_Transaction_2	1680633833461	1680633833462	KO	j.n.UnknownHostException: esbpprd1
REQUEST		CLM_Transaction_3	1680633833462	1680633833462	KO	j.n.UnknownHostException: esbpprd1
REQUEST		CLM_Transaction_1	1680633833462	1680633833463	KO	j.n.UnknownHostException: esbpprd1
USER	CLM_TRANSACTION_2	END	1680633834467
USER	CLM_TRANSACTION_3	END	1680633834467
USER	CLM_TRANSACTION_1	END	1680633834471
USER	CLM_TRANSACTION_1	START	1680633840454
USER	CLM_TRANSACTION_3	START	1680633840454
USER	CLM_TRANSACTION_2	START	1680633840454
REQUEST		CLM_Transaction_2	1680633840457	1680633840457	KO	j.n.UnknownHostException: esbpprd1
REQUEST		CLM_Transaction_3	1680633840457	1680633840458	KO	j.n.UnknownHostException: esbpprd1
REQUEST		CLM_Transaction_1	1680633840457	1680633840457	KO	j.n.UnknownHostException: esbpprd1
REQUEST		CLM_Transaction_2	1680633841459	1680633841459	KO	j.n.UnknownHostException: esbpprd1
REQUEST		CLM_Transaction_1	1680633841460	1680633841460	KO	j.n.UnknownHostException: esbpprd1
REQUEST		CLM_Transaction_3	1680633841462	1680633841462	KO	j.n.UnknownHostException: esbpprd1
REQUEST		CLM_Transaction_1	1680633842460	1680633842464	KO	j.n.UnknownHostException: esbpprd1: Échec temporaire dans la résolution du nom
REQUEST		CLM_Transaction_3	1680633842465	1680633842466	KO	j.n.UnknownHostException: esbpprd1
REQUEST		CLM_Transaction_2	1680633842465	1680633842465	KO	j.n.UnknownHostException: esbpprd1
USER	CLM_TRANSACTION_2	END	1680633843464
USER	CLM_TRANSACTION_1	END	1680633843464
USER	CLM_TRANSACTION_3	END	1680633843464
USER	CLM_TRANSACTION_2	START	1680633849452
USER	CLM_TRANSACTION_3	START	1680633849453
USER	CLM_TRANSACTION_1	START	1680633849453
REQUEST		CLM_Transaction_2	1680633849455	1680633849455	KO	j.n.UnknownHostException: esbpprd1
REQUEST		CLM_Transaction_3	1680633849455	1680633849456	KO	j.n.UnknownHostException: esbpprd1
REQUEST		CLM_Transaction_1	1680633849455	1680633849456	KO	j.n.UnknownHostException: esbpprd1
REQUEST		CLM_Transaction_3	1680633850462	1680633850463	KO	j.n.UnknownHostException: esbpprd1
REQUEST		CLM_Transaction_1	1680633850462	1680633850463	KO	j.n.UnknownHostException: esbpprd1
REQUEST		CLM_Transaction_2	1680633850463	1680633850463	KO	j.n.UnknownHostException: esbpprd1
REQUEST		CLM_Transaction_1	1680633851463	1680633851464	KO	j.n.UnknownHostException: esbpprd1
REQUEST		CLM_Transaction_2	1680633851463	1680633851464	KO	j.n.UnknownHostException: esbpprd1
REQUEST		CLM_Transaction_3	1680633851467	1680633851467	KO	j.n.UnknownHostException: esbpprd1
USER	CLM_TRANSACTION_3	END	1680633852467
USER	CLM_TRANSACTION_2	END	1680633852468
USER	CLM_TRANSACTION_1	END	1680633852469
USER	CLM_TRANSACTION_3	START	1680633858453
USER	CLM_TRANSACTION_2	START	1680633858453
USER	CLM_TRANSACTION_1	START	1680633858453
REQUEST		CLM_Transaction_2	1680633858455	1680633858458	KO	j.n.UnknownHostException: esbpprd1: Échec temporaire dans la résolution du nom
REQUEST		CLM_Transaction_3	1680633858455	1680633858458	KO	j.n.UnknownHostException: esbpprd1
REQUEST		CLM_Transaction_1	1680633858455	1680633858458	KO	j.n.UnknownHostException: esbpprd1
REQUEST		CLM_Transaction_2	1680633859459	1680633859460	KO	j.n.UnknownHostException: esbpprd1
REQUEST		CLM_Transaction_1	1680633859459	1680633859460	KO	j.n.UnknownHostException: esbpprd1
REQUEST		CLM_Transaction_3	1680633859459	1680633859460	KO	j.n.UnknownHostException: esbpprd1
REQUEST		CLM_Transaction_3	1680633860466	1680633860467	KO	j.n.UnknownHostException: esbpprd1
REQUEST		CLM_Transaction_1	1680633860466	1680633860467	KO	j.n.UnknownHostException: esbpprd1
REQUEST		CLM_Transaction_2	1680633860468	1680633860468	KO	j.n.UnknownHostException: esbpprd1
USER	CLM_TRANSACTION_2	END	1680633861465
USER	CLM_TRANSACTION_1	END	1680633861465
USER	CLM_TRANSACTION_3	END	1680633861469
USER	CLM_TRANSACTION_2	START	1680633867452
USER	CLM_TRANSACTION_1	START	1680633867453
USER	CLM_TRANSACTION_3	START	1680633867453
REQUEST		CLM_Transaction_1	1680633867455	1680633867455	KO	j.n.UnknownHostException: esbpprd1
REQUEST		CLM_Transaction_3	1680633867455	1680633867455	KO	j.n.UnknownHostException: esbpprd1
REQUEST		CLM_Transaction_2	1680633867454	1680633867454	KO	j.n.UnknownHostException: esbpprd1
REQUEST		CLM_Transaction_3	1680633868460	1680633868461	KO	j.n.UnknownHostException: esbpprd1
REQUEST		CLM_Transaction_2	1680633868460	1680633868463	KO	j.n.UnknownHostException: esbpprd1: Échec temporaire dans la résolution du nom
REQUEST		CLM_Transaction_1	1680633868461	1680633868463	KO	j.n.UnknownHostException: esbpprd1
REQUEST		CLM_Transaction_2	1680633869465	1680633869466	KO	j.n.UnknownHostException: esbpprd1
REQUEST		CLM_Transaction_1	1680633869465	1680633869466	KO	j.n.UnknownHostException: esbpprd1
REQUEST		CLM_Transaction_3	1680633869466	1680633869466	KO	j.n.UnknownHostException: esbpprd1
USER	CLM_TRANSACTION_1	END	1680633870469
USER	CLM_TRANSACTION_3	END	1680633870469
USER	CLM_TRANSACTION_2	END	1680633870470
USER	CLM_TRANSACTION_3	START	1680633876453
USER	CLM_TRANSACTION_2	START	1680633876453
USER	CLM_TRANSACTION_1	START	1680633876453
REQUEST		CLM_Transaction_2	1680633876455	1680633876455	KO	j.n.UnknownHostException: esbpprd1
REQUEST		CLM_Transaction_1	1680633876455	1680633876455	KO	j.n.UnknownHostException: esbpprd1
REQUEST		CLM_Transaction_3	1680633876455	1680633876455	KO	j.n.UnknownHostException: esbpprd1
REQUEST		CLM_Transaction_3	1680633877458	1680633877458	KO	j.n.UnknownHostException: esbpprd1
REQUEST		CLM_Transaction_1	1680633877458	1680633877458	KO	j.n.UnknownHostException: esbpprd1
REQUEST		CLM_Transaction_2	1680633877459	1680633877459	KO	j.n.UnknownHostException: esbpprd1
REQUEST		CLM_Transaction_3	1680633878463	1680633878464	KO	j.n.UnknownHostException: esbpprd1: Échec temporaire dans la résolution du nom
REQUEST		CLM_Transaction_2	1680633878466	1680633878466	KO	j.n.UnknownHostException: esbpprd1
REQUEST		CLM_Transaction_1	1680633878467	1680633878467	KO	j.n.UnknownHostException: esbpprd1
USER	CLM_TRANSACTION_2	END	1680633879467
USER	CLM_TRANSACTION_3	END	1680633879468
USER	CLM_TRANSACTION_1	END	1680633879468
USER	CLM_TRANSACTION_2	START	1680633885452
USER	CLM_TRANSACTION_1	START	1680633885453
USER	CLM_TRANSACTION_3	START	1680633885453
REQUEST		CLM_Transaction_1	1680633885454	1680633885455	KO	j.n.UnknownHostException: esbpprd1
REQUEST		CLM_Transaction_3	1680633885455	1680633885455	KO	j.n.UnknownHostException: esbpprd1
REQUEST		CLM_Transaction_2	1680633885456	1680633885456	KO	j.n.UnknownHostException: esbpprd1
REQUEST		CLM_Transaction_1	1680633886458	1680633886458	KO	j.n.UnknownHostException: esbpprd1
REQUEST		CLM_Transaction_2	1680633886458	1680633886458	KO	j.n.UnknownHostException: esbpprd1
REQUEST		CLM_Transaction_3	1680633886458	1680633886458	KO	j.n.UnknownHostException: esbpprd1
REQUEST		CLM_Transaction_3	1680633887460	1680633887461	KO	j.n.UnknownHostException: esbpprd1
REQUEST		CLM_Transaction_2	1680633887462	1680633887462	KO	j.n.UnknownHostException: esbpprd1
REQUEST		CLM_Transaction_1	1680633887462	1680633887462	KO	j.n.UnknownHostException: esbpprd1
USER	CLM_TRANSACTION_3	END	1680633888466
USER	CLM_TRANSACTION_1	END	1680633888468
USER	CLM_TRANSACTION_2	END	1680633888468
USER	CLM_TRANSACTION_3	START	1680633894453
USER	CLM_TRANSACTION_1	START	1680633894453
USER	CLM_TRANSACTION_2	START	1680633894453
REQUEST		CLM_Transaction_1	1680633894455	1680633894458	KO	j.n.UnknownHostException: esbpprd1: Échec temporaire dans la résolution du nom
REQUEST		CLM_Transaction_3	1680633894457	1680633894458	KO	j.n.UnknownHostException: esbpprd1
REQUEST		CLM_Transaction_2	1680633894456	1680633894459	KO	j.n.UnknownHostException: esbpprd1
REQUEST		CLM_Transaction_1	1680633895458	1680633895458	KO	j.n.UnknownHostException: esbpprd1
REQUEST		CLM_Transaction_3	1680633895458	1680633895458	KO	j.n.UnknownHostException: esbpprd1
REQUEST		CLM_Transaction_2	1680633895459	1680633895459	KO	j.n.UnknownHostException: esbpprd1
REQUEST		CLM_Transaction_2	1680633896460	1680633896460	KO	j.n.UnknownHostException: esbpprd1
REQUEST		CLM_Transaction_1	1680633896460	1680633896460	KO	j.n.UnknownHostException: esbpprd1
REQUEST		CLM_Transaction_3	1680633896461	1680633896461	KO	j.n.UnknownHostException: esbpprd1
USER	CLM_TRANSACTION_3	END	1680633897462
USER	CLM_TRANSACTION_1	END	1680633897463
USER	CLM_TRANSACTION_2	END	1680633897463
USER	CLM_TRANSACTION_1	START	1680633903453
USER	CLM_TRANSACTION_2	START	1680633903453
USER	CLM_TRANSACTION_3	START	1680633903453
REQUEST		CLM_Transaction_1	1680633903455	1680633903455	KO	j.n.UnknownHostException: esbpprd1
REQUEST		CLM_Transaction_2	1680633903455	1680633903455	KO	j.n.UnknownHostException: esbpprd1
REQUEST		CLM_Transaction_3	1680633903455	1680633903455	KO	j.n.UnknownHostException: esbpprd1
REQUEST		CLM_Transaction_2	1680633904461	1680633904461	KO	j.n.UnknownHostException: esbpprd1
REQUEST		CLM_Transaction_3	1680633904461	1680633904464	KO	j.n.UnknownHostException: esbpprd1: Échec temporaire dans la résolution du nom
REQUEST		CLM_Transaction_1	1680633904462	1680633904464	KO	j.n.UnknownHostException: esbpprd1
REQUEST		CLM_Transaction_1	1680633905461	1680633905461	KO	j.n.UnknownHostException: esbpprd1
REQUEST		CLM_Transaction_3	1680633905461	1680633905461	KO	j.n.UnknownHostException: esbpprd1
REQUEST		CLM_Transaction_2	1680633905462	1680633905462	KO	j.n.UnknownHostException: esbpprd1
USER	CLM_TRANSACTION_2	END	1680633906461
USER	CLM_TRANSACTION_3	END	1680633906462
USER	CLM_TRANSACTION_1	END	1680633906462
USER	CLM_TRANSACTION_2	START	1680633912452
USER	CLM_TRANSACTION_3	START	1680633912453
USER	CLM_TRANSACTION_1	START	1680633912453
REQUEST		CLM_Transaction_3	1680633912454	1680633912454	KO	j.n.UnknownHostException: esbpprd1
REQUEST		CLM_Transaction_1	1680633912454	1680633912455	KO	j.n.UnknownHostException: esbpprd1
REQUEST		CLM_Transaction_2	1680633912454	1680633912455	KO	j.n.UnknownHostException: esbpprd1
REQUEST		CLM_Transaction_1	1680633913458	1680633913458	KO	j.n.UnknownHostException: esbpprd1
REQUEST		CLM_Transaction_2	1680633913458	1680633913458	KO	j.n.UnknownHostException: esbpprd1
REQUEST		CLM_Transaction_3	1680633913458	1680633913458	KO	j.n.UnknownHostException: esbpprd1
REQUEST		CLM_Transaction_2	1680633914464	1680633914467	KO	j.n.UnknownHostException: esbpprd1: Échec temporaire dans la résolution du nom
REQUEST		CLM_Transaction_3	1680633914467	1680633914467	KO	j.n.UnknownHostException: esbpprd1
REQUEST		CLM_Transaction_1	1680633914468	1680633914468	KO	j.n.UnknownHostException: esbpprd1
USER	CLM_TRANSACTION_1	END	1680633915463
USER	CLM_TRANSACTION_3	END	1680633915463
USER	CLM_TRANSACTION_2	END	1680633915463
USER	CLM_TRANSACTION_2	START	1680633921452
USER	CLM_TRANSACTION_1	START	1680633921452
USER	CLM_TRANSACTION_3	START	1680633921453
REQUEST		CLM_Transaction_2	1680633921454	1680633921455	KO	j.n.UnknownHostException: esbpprd1
REQUEST		CLM_Transaction_1	1680633921454	1680633921455	KO	j.n.UnknownHostException: esbpprd1
REQUEST		CLM_Transaction_3	1680633921454	1680633921455	KO	j.n.UnknownHostException: esbpprd1
REQUEST		CLM_Transaction_2	1680633922457	1680633922458	KO	j.n.UnknownHostException: esbpprd1
REQUEST		CLM_Transaction_1	1680633922457	1680633922458	KO	j.n.UnknownHostException: esbpprd1
REQUEST		CLM_Transaction_3	1680633922457	1680633922458	KO	j.n.UnknownHostException: esbpprd1
REQUEST		CLM_Transaction_3	1680633923461	1680633923462	KO	j.n.UnknownHostException: esbpprd1
REQUEST		CLM_Transaction_2	1680633923461	1680633923461	KO	j.n.UnknownHostException: esbpprd1
REQUEST		CLM_Transaction_1	1680633923461	1680633923462	KO	j.n.UnknownHostException: esbpprd1
USER	CLM_TRANSACTION_2	END	1680633924469
USER	CLM_TRANSACTION_3	END	1680633924470
USER	CLM_TRANSACTION_1	END	1680633924470
USER	CLM_TRANSACTION_2	START	1680633930452
USER	CLM_TRANSACTION_3	START	1680633930452
REQUEST		CLM_Transaction_2	1680633930453	1680633930453	KO	j.n.UnknownHostException: esbpprd1
USER	CLM_TRANSACTION_1	START	1680633930453
REQUEST		CLM_Transaction_1	1680633930454	1680633930454	KO	j.n.UnknownHostException: esbpprd1
REQUEST		CLM_Transaction_3	1680633930453	1680633930454	KO	j.n.UnknownHostException: esbpprd1: Échec temporaire dans la résolution du nom
REQUEST		CLM_Transaction_1	1680633931457	1680633931458	KO	j.n.UnknownHostException: esbpprd1
REQUEST		CLM_Transaction_3	1680633931457	1680633931458	KO	j.n.UnknownHostException: esbpprd1
REQUEST		CLM_Transaction_2	1680633931459	1680633931459	KO	j.n.UnknownHostException: esbpprd1
REQUEST		CLM_Transaction_1	1680633932461	1680633932461	KO	j.n.UnknownHostException: esbpprd1
REQUEST		CLM_Transaction_3	1680633932461	1680633932461	KO	j.n.UnknownHostException: esbpprd1
REQUEST		CLM_Transaction_2	1680633932461	1680633932461	KO	j.n.UnknownHostException: esbpprd1
USER	CLM_TRANSACTION_3	END	1680633933463
USER	CLM_TRANSACTION_2	END	1680633933463
USER	CLM_TRANSACTION_1	END	1680633933463
USER	CLM_TRANSACTION_3	START	1680633939453
USER	CLM_TRANSACTION_2	START	1680633939454
USER	CLM_TRANSACTION_1	START	1680633939454
REQUEST		CLM_Transaction_3	1680633939455	1680633939455	KO	j.n.UnknownHostException: esbpprd1
REQUEST		CLM_Transaction_2	1680633939455	1680633939455	KO	j.n.UnknownHostException: esbpprd1
REQUEST		CLM_Transaction_1	1680633939456	1680633939456	KO	j.n.UnknownHostException: esbpprd1
REQUEST		CLM_Transaction_2	1680633940455	1680633940457	KO	j.n.UnknownHostException: esbpprd1: Échec temporaire dans la résolution du nom
REQUEST		CLM_Transaction_1	1680633940457	1680633940457	KO	j.n.UnknownHostException: esbpprd1
REQUEST		CLM_Transaction_3	1680633940456	1680633940457	KO	j.n.UnknownHostException: esbpprd1
REQUEST		CLM_Transaction_3	1680633941460	1680633941460	KO	j.n.UnknownHostException: esbpprd1
REQUEST		CLM_Transaction_1	1680633941460	1680633941460	KO	j.n.UnknownHostException: esbpprd1
REQUEST		CLM_Transaction_2	1680633941461	1680633941461	KO	j.n.UnknownHostException: esbpprd1
USER	CLM_TRANSACTION_3	END	1680633942462
USER	CLM_TRANSACTION_2	END	1680633942462
USER	CLM_TRANSACTION_1	END	1680633942463
USER	CLM_TRANSACTION_2	START	1680633948453
USER	CLM_TRANSACTION_1	START	1680633948455
REQUEST		CLM_Transaction_2	1680633948455	1680633948455	KO	j.n.UnknownHostException: esbpprd1
USER	CLM_TRANSACTION_3	START	1680633948455
REQUEST		CLM_Transaction_3	1680633948457	1680633948457	KO	j.n.UnknownHostException: esbpprd1
REQUEST		CLM_Transaction_1	1680633948457	1680633948457	KO	j.n.UnknownHostException: esbpprd1
REQUEST		CLM_Transaction_2	1680633949458	1680633949458	KO	j.n.UnknownHostException: esbpprd1
REQUEST		CLM_Transaction_3	1680633949461	1680633949461	KO	j.n.UnknownHostException: esbpprd1
REQUEST		CLM_Transaction_1	1680633949462	1680633949462	KO	j.n.UnknownHostException: esbpprd1
REQUEST		CLM_Transaction_1	1680633950461	1680633950461	KO	j.n.UnknownHostException: esbpprd1
REQUEST		CLM_Transaction_3	1680633950460	1680633950461	KO	j.n.UnknownHostException: esbpprd1
REQUEST		CLM_Transaction_2	1680633950460	1680633950463	KO	j.n.UnknownHostException: esbpprd1: Échec temporaire dans la résolution du nom
USER	CLM_TRANSACTION_3	END	1680633951461
USER	CLM_TRANSACTION_1	END	1680633951461
USER	CLM_TRANSACTION_2	END	1680633951462
USER	CLM_TRANSACTION_2	START	1680633957453
USER	CLM_TRANSACTION_1	START	1680633957453
USER	CLM_TRANSACTION_3	START	1680633957454
REQUEST		CLM_Transaction_3	1680633957458	1680633957458	KO	j.n.UnknownHostException: esbpprd1
REQUEST		CLM_Transaction_2	1680633957460	1680633957461	KO	j.n.UnknownHostException: esbpprd1
REQUEST		CLM_Transaction_1	1680633957461	1680633957461	KO	j.n.UnknownHostException: esbpprd1
REQUEST		CLM_Transaction_2	1680633958457	1680633958457	KO	j.n.UnknownHostException: esbpprd1
REQUEST		CLM_Transaction_3	1680633958459	1680633958459	KO	j.n.UnknownHostException: esbpprd1
REQUEST		CLM_Transaction_1	1680633958459	1680633958459	KO	j.n.UnknownHostException: esbpprd1
REQUEST		CLM_Transaction_2	1680633959462	1680633959462	KO	j.n.UnknownHostException: esbpprd1
REQUEST		CLM_Transaction_3	1680633959463	1680633959463	KO	j.n.UnknownHostException: esbpprd1
REQUEST		CLM_Transaction_1	1680633959465	1680633959465	KO	j.n.UnknownHostException: esbpprd1
USER	CLM_TRANSACTION_3	END	1680633960462
USER	CLM_TRANSACTION_1	END	1680633960464
USER	CLM_TRANSACTION_2	END	1680633960464
USER	CLM_TRANSACTION_2	START	1680633966452
USER	CLM_TRANSACTION_1	START	1680633966453
USER	CLM_TRANSACTION_3	START	1680633966454
REQUEST		CLM_Transaction_3	1680633966459	1680633966465	KO	j.n.UnknownHostException: esbpprd1
REQUEST		CLM_Transaction_1	1680633966460	1680633966465	KO	j.n.UnknownHostException: esbpprd1
REQUEST		CLM_Transaction_2	1680633966454	1680633966464	KO	j.n.UnknownHostException: esbpprd1: Échec temporaire dans la résolution du nom
REQUEST		CLM_Transaction_3	1680633967461	1680633967461	KO	j.n.UnknownHostException: esbpprd1
REQUEST		CLM_Transaction_1	1680633967464	1680633967465	KO	j.n.UnknownHostException: esbpprd1
REQUEST		CLM_Transaction_2	1680633967465	1680633967465	KO	j.n.UnknownHostException: esbpprd1
REQUEST		CLM_Transaction_2	1680633968460	1680633968460	KO	j.n.UnknownHostException: esbpprd1
REQUEST		CLM_Transaction_1	1680633968462	1680633968462	KO	j.n.UnknownHostException: esbpprd1
REQUEST		CLM_Transaction_3	1680633968462	1680633968463	KO	j.n.UnknownHostException: esbpprd1
USER	CLM_TRANSACTION_2	END	1680633969464
USER	CLM_TRANSACTION_3	END	1680633969465
USER	CLM_TRANSACTION_1	END	1680633969467
USER	CLM_TRANSACTION_1	START	1680633975452
USER	CLM_TRANSACTION_2	START	1680633975453
USER	CLM_TRANSACTION_3	START	1680633975455
REQUEST		CLM_Transaction_2	1680633975456	1680633975457	KO	j.n.UnknownHostException: esbpprd1
REQUEST		CLM_Transaction_3	1680633975458	1680633975459	KO	j.n.UnknownHostException: esbpprd1
REQUEST		CLM_Transaction_1	1680633975460	1680633975460	KO	j.n.UnknownHostException: esbpprd1
REQUEST		CLM_Transaction_1	1680633976468	1680633976471	KO	j.n.UnknownHostException: esbpprd1: Échec temporaire dans la résolution du nom
REQUEST		CLM_Transaction_2	1680633976470	1680633976471	KO	j.n.UnknownHostException: esbpprd1
REQUEST		CLM_Transaction_3	1680633976468	1680633976471	KO	j.n.UnknownHostException: esbpprd1
REQUEST		CLM_Transaction_3	1680633977464	1680633977464	KO	j.n.UnknownHostException: esbpprd1
REQUEST		CLM_Transaction_2	1680633977468	1680633977471	KO	j.n.UnknownHostException: esbpprd1
REQUEST		CLM_Transaction_1	1680633977471	1680633977471	KO	j.n.UnknownHostException: esbpprd1
USER	CLM_TRANSACTION_2	END	1680633978462
USER	CLM_TRANSACTION_1	END	1680633978464
USER	CLM_TRANSACTION_3	END	1680633978464
USER	CLM_TRANSACTION_2	START	1680633984453
USER	CLM_TRANSACTION_1	START	1680633984453
USER	CLM_TRANSACTION_3	START	1680633984453
REQUEST		CLM_Transaction_2	1680633984455	1680633984455	KO	j.n.UnknownHostException: esbpprd1
REQUEST		CLM_Transaction_3	1680633984458	1680633984458	KO	j.n.UnknownHostException: esbpprd1
REQUEST		CLM_Transaction_1	1680633984460	1680633984461	KO	j.n.UnknownHostException: esbpprd1
REQUEST		CLM_Transaction_2	1680633985459	1680633985460	KO	j.n.UnknownHostException: esbpprd1
REQUEST		CLM_Transaction_1	1680633985465	1680633985465	KO	j.n.UnknownHostException: esbpprd1
REQUEST		CLM_Transaction_3	1680633985462	1680633985462	KO	j.n.UnknownHostException: esbpprd1
REQUEST		CLM_Transaction_3	1680633986475	1680633986484	KO	j.n.UnknownHostException: esbpprd1
REQUEST		CLM_Transaction_1	1680633986476	1680633986484	KO	j.n.UnknownHostException: esbpprd1
REQUEST		CLM_Transaction_2	1680633986475	1680633986484	KO	j.n.UnknownHostException: esbpprd1: Échec temporaire dans la résolution du nom
USER	CLM_TRANSACTION_3	END	1680633987466
USER	CLM_TRANSACTION_1	END	1680633987473
USER	CLM_TRANSACTION_2	END	1680633987473
USER	CLM_TRANSACTION_3	START	1680633993452
USER	CLM_TRANSACTION_1	START	1680633993452
USER	CLM_TRANSACTION_2	START	1680633993453
REQUEST		CLM_Transaction_3	1680633993454	1680633993454	KO	j.n.UnknownHostException: esbpprd1
REQUEST		CLM_Transaction_1	1680633993455	1680633993455	KO	j.n.UnknownHostException: esbpprd1
REQUEST		CLM_Transaction_2	1680633993454	1680633993456	KO	j.n.UnknownHostException: esbpprd1
REQUEST		CLM_Transaction_2	1680633994461	1680633994461	KO	j.n.UnknownHostException: esbpprd1
REQUEST		CLM_Transaction_3	1680633994461	1680633994461	KO	j.n.UnknownHostException: esbpprd1
REQUEST		CLM_Transaction_1	1680633994464	1680633994464	KO	j.n.UnknownHostException: esbpprd1
REQUEST		CLM_Transaction_2	1680633995463	1680633995463	KO	j.n.UnknownHostException: esbpprd1
REQUEST		CLM_Transaction_3	1680633995470	1680633995471	KO	j.n.UnknownHostException: esbpprd1
REQUEST		CLM_Transaction_1	1680633995468	1680633995469	KO	j.n.UnknownHostException: esbpprd1
USER	CLM_TRANSACTION_3	END	1680633996485
USER	CLM_TRANSACTION_1	END	1680633996485
USER	CLM_TRANSACTION_2	END	1680633996486
USER	CLM_TRANSACTION_1	START	1680634002453
USER	CLM_TRANSACTION_3	START	1680634002453
USER	CLM_TRANSACTION_2	START	1680634002453
REQUEST		CLM_Transaction_1	1680634002454	1680634002457	KO	j.n.UnknownHostException: esbpprd1: Échec temporaire dans la résolution du nom
REQUEST		CLM_Transaction_2	1680634002454	1680634002457	KO	j.n.UnknownHostException: esbpprd1
REQUEST		CLM_Transaction_3	1680634002454	1680634002457	KO	j.n.UnknownHostException: esbpprd1
REQUEST		CLM_Transaction_3	1680634003457	1680634003457	KO	j.n.UnknownHostException: esbpprd1
REQUEST		CLM_Transaction_1	1680634003457	1680634003457	KO	j.n.UnknownHostException: esbpprd1
REQUEST		CLM_Transaction_2	1680634003458	1680634003458	KO	j.n.UnknownHostException: esbpprd1
REQUEST		CLM_Transaction_2	1680634004465	1680634004465	KO	j.n.UnknownHostException: esbpprd1
REQUEST		CLM_Transaction_3	1680634004465	1680634004466	KO	j.n.UnknownHostException: esbpprd1
REQUEST		CLM_Transaction_1	1680634004467	1680634004468	KO	j.n.UnknownHostException: esbpprd1
USER	CLM_TRANSACTION_2	END	1680634005464
USER	CLM_TRANSACTION_3	END	1680634005473
USER	CLM_TRANSACTION_1	END	1680634005474
USER	CLM_TRANSACTION_1	START	1680634011452
USER	CLM_TRANSACTION_3	START	1680634011452
USER	CLM_TRANSACTION_2	START	1680634011452
REQUEST		CLM_Transaction_1	1680634011454	1680634011454	KO	j.n.UnknownHostException: esbpprd1
REQUEST		CLM_Transaction_2	1680634011454	1680634011454	KO	j.n.UnknownHostException: esbpprd1
REQUEST		CLM_Transaction_3	1680634011454	1680634011454	KO	j.n.UnknownHostException: esbpprd1
REQUEST		CLM_Transaction_1	1680634012459	1680634012462	KO	j.n.UnknownHostException: esbpprd1: Échec temporaire dans la résolution du nom
REQUEST		CLM_Transaction_3	1680634012460	1680634012462	KO	j.n.UnknownHostException: esbpprd1
REQUEST		CLM_Transaction_2	1680634012459	1680634012462	KO	j.n.UnknownHostException: esbpprd1
REQUEST		CLM_Transaction_3	1680634013459	1680634013459	KO	j.n.UnknownHostException: esbpprd1
REQUEST		CLM_Transaction_1	1680634013459	1680634013459	KO	j.n.UnknownHostException: esbpprd1
REQUEST		CLM_Transaction_2	1680634013460	1680634013460	KO	j.n.UnknownHostException: esbpprd1
USER	CLM_TRANSACTION_2	END	1680634014467
USER	CLM_TRANSACTION_3	END	1680634014467
USER	CLM_TRANSACTION_1	END	1680634014469
USER	CLM_TRANSACTION_1	START	1680634020453
USER	CLM_TRANSACTION_3	START	1680634020453
REQUEST		CLM_Transaction_3	1680634020455	1680634020455	KO	j.n.UnknownHostException: esbpprd1
REQUEST		CLM_Transaction_1	1680634020456	1680634020456	KO	j.n.UnknownHostException: esbpprd1
USER	CLM_TRANSACTION_2	START	1680634020460
REQUEST		CLM_Transaction_2	1680634020461	1680634020462	KO	j.n.UnknownHostException: esbpprd1
REQUEST		CLM_Transaction_1	1680634021456	1680634021457	KO	j.n.UnknownHostException: esbpprd1
REQUEST		CLM_Transaction_2	1680634021456	1680634021457	KO	j.n.UnknownHostException: esbpprd1
REQUEST		CLM_Transaction_3	1680634021456	1680634021457	KO	j.n.UnknownHostException: esbpprd1
REQUEST		CLM_Transaction_2	1680634022465	1680634022465	KO	j.n.UnknownHostException: esbpprd1
REQUEST		CLM_Transaction_3	1680634022466	1680634022469	KO	j.n.UnknownHostException: esbpprd1
REQUEST		CLM_Transaction_1	1680634022465	1680634022469	KO	j.n.UnknownHostException: esbpprd1: Échec temporaire dans la résolution du nom
USER	CLM_TRANSACTION_3	END	1680634023461
USER	CLM_TRANSACTION_1	END	1680634023461
USER	CLM_TRANSACTION_2	END	1680634023461
USER	CLM_TRANSACTION_3	START	1680634029454
REQUEST		CLM_Transaction_3	1680634029456	1680634029456	KO	j.n.UnknownHostException: esbpprd1
USER	CLM_TRANSACTION_2	START	1680634029456
USER	CLM_TRANSACTION_1	START	1680634029457
REQUEST		CLM_Transaction_1	1680634029457	1680634029458	KO	j.n.UnknownHostException: esbpprd1
REQUEST		CLM_Transaction_2	1680634029464	1680634029465	KO	j.n.UnknownHostException: esbpprd1
REQUEST		CLM_Transaction_3	1680634030460	1680634030461	KO	j.n.UnknownHostException: esbpprd1
REQUEST		CLM_Transaction_1	1680634030463	1680634030464	KO	j.n.UnknownHostException: esbpprd1
REQUEST		CLM_Transaction_2	1680634030466	1680634030466	KO	j.n.UnknownHostException: esbpprd1
REQUEST		CLM_Transaction_1	1680634031458	1680634031458	KO	j.n.UnknownHostException: esbpprd1
REQUEST		CLM_Transaction_3	1680634031460	1680634031460	KO	j.n.UnknownHostException: esbpprd1
REQUEST		CLM_Transaction_2	1680634031459	1680634031459	KO	j.n.UnknownHostException: esbpprd1
USER	CLM_TRANSACTION_2	END	1680634032467
USER	CLM_TRANSACTION_3	END	1680634032471
USER	CLM_TRANSACTION_1	END	1680634032471
USER	CLM_TRANSACTION_1	START	1680634038452
USER	CLM_TRANSACTION_2	START	1680634038453
USER	CLM_TRANSACTION_3	START	1680634038453
REQUEST		CLM_Transaction_2	1680634038455	1680634038457	KO	j.n.UnknownHostException: esbpprd1
REQUEST		CLM_Transaction_3	1680634038455	1680634038457	KO	j.n.UnknownHostException: esbpprd1: Échec temporaire dans la résolution du nom
REQUEST		CLM_Transaction_1	1680634038455	1680634038458	KO	j.n.UnknownHostException: esbpprd1
REQUEST		CLM_Transaction_3	1680634039458	1680634039458	KO	j.n.UnknownHostException: esbpprd1
REQUEST		CLM_Transaction_1	1680634039460	1680634039460	KO	j.n.UnknownHostException: esbpprd1
REQUEST		CLM_Transaction_2	1680634039467	1680634039467	KO	j.n.UnknownHostException: esbpprd1
REQUEST		CLM_Transaction_3	1680634040466	1680634040467	KO	j.n.UnknownHostException: esbpprd1
REQUEST		CLM_Transaction_1	1680634040468	1680634040469	KO	j.n.UnknownHostException: esbpprd1
REQUEST		CLM_Transaction_2	1680634040469	1680634040469	KO	j.n.UnknownHostException: esbpprd1
USER	CLM_TRANSACTION_3	END	1680634041463
USER	CLM_TRANSACTION_1	END	1680634041464
USER	CLM_TRANSACTION_2	END	1680634041464
USER	CLM_TRANSACTION_3	START	1680634047465
USER	CLM_TRANSACTION_1	START	1680634047465
USER	CLM_TRANSACTION_2	START	1680634047465
REQUEST		CLM_Transaction_3	1680634047466	1680634047466	KO	j.n.UnknownHostException: esbpprd1
REQUEST		CLM_Transaction_1	1680634047466	1680634047466	KO	j.n.UnknownHostException: esbpprd1
REQUEST		CLM_Transaction_2	1680634047467	1680634047467	KO	j.n.UnknownHostException: esbpprd1
REQUEST		CLM_Transaction_3	1680634048461	1680634048462	KO	j.n.UnknownHostException: esbpprd1
REQUEST		CLM_Transaction_1	1680634048461	1680634048463	KO	j.n.UnknownHostException: esbpprd1
REQUEST		CLM_Transaction_2	1680634048462	1680634048472	KO	j.n.UnknownHostException: esbpprd1: Échec temporaire dans la résolution du nom
REQUEST		CLM_Transaction_3	1680634049460	1680634049460	KO	j.n.UnknownHostException: esbpprd1
REQUEST		CLM_Transaction_1	1680634049461	1680634049461	KO	j.n.UnknownHostException: esbpprd1
REQUEST		CLM_Transaction_2	1680634049468	1680634049468	KO	j.n.UnknownHostException: esbpprd1
USER	CLM_TRANSACTION_1	END	1680634050474
USER	CLM_TRANSACTION_2	END	1680634050474
USER	CLM_TRANSACTION_3	END	1680634050475
USER	CLM_TRANSACTION_3	START	1680634056453
USER	CLM_TRANSACTION_2	START	1680634056453
REQUEST		CLM_Transaction_2	1680634056453	1680634056454	KO	j.n.UnknownHostException: esbpprd1
REQUEST		CLM_Transaction_3	1680634056453	1680634056454	KO	j.n.UnknownHostException: esbpprd1
USER	CLM_TRANSACTION_1	START	1680634056454
REQUEST		CLM_Transaction_1	1680634056454	1680634056454	KO	j.n.UnknownHostException: esbpprd1
REQUEST		CLM_Transaction_1	1680634057469	1680634057470	KO	j.n.UnknownHostException: esbpprd1
REQUEST		CLM_Transaction_2	1680634057470	1680634057470	KO	j.n.UnknownHostException: esbpprd1
REQUEST		CLM_Transaction_3	1680634057469	1680634057470	KO	j.n.UnknownHostException: esbpprd1
REQUEST		CLM_Transaction_3	1680634058465	1680634058465	KO	j.n.UnknownHostException: esbpprd1
REQUEST		CLM_Transaction_1	1680634058466	1680634058466	KO	j.n.UnknownHostException: esbpprd1
REQUEST		CLM_Transaction_2	1680634058475	1680634058478	KO	j.n.UnknownHostException: esbpprd1: Échec temporaire dans la résolution du nom
USER	CLM_TRANSACTION_3	END	1680634059462
USER	CLM_TRANSACTION_1	END	1680634059462
USER	CLM_TRANSACTION_2	END	1680634059470
USER	CLM_TRANSACTION_1	START	1680634065454
USER	CLM_TRANSACTION_3	START	1680634065454
USER	CLM_TRANSACTION_2	START	1680634065454
REQUEST		CLM_Transaction_2	1680634065457	1680634065458	KO	j.n.UnknownHostException: esbpprd1
REQUEST		CLM_Transaction_3	1680634065484	1680634065485	KO	j.n.UnknownHostException: esbpprd1
REQUEST		CLM_Transaction_1	1680634065460	1680634065486	KO	j.n.UnknownHostException: esbpprd1
REQUEST		CLM_Transaction_3	1680634066456	1680634066456	KO	j.n.UnknownHostException: esbpprd1
REQUEST		CLM_Transaction_2	1680634066456	1680634066457	KO	j.n.UnknownHostException: esbpprd1
REQUEST		CLM_Transaction_1	1680634066457	1680634066457	KO	j.n.UnknownHostException: esbpprd1
REQUEST		CLM_Transaction_1	1680634067472	1680634067473	KO	j.n.UnknownHostException: esbpprd1
REQUEST		CLM_Transaction_3	1680634067473	1680634067473	KO	j.n.UnknownHostException: esbpprd1
REQUEST		CLM_Transaction_2	1680634067473	1680634067473	KO	j.n.UnknownHostException: esbpprd1
USER	CLM_TRANSACTION_3	END	1680634068467
USER	CLM_TRANSACTION_1	END	1680634068468
USER	CLM_TRANSACTION_2	END	1680634068480
USER	CLM_TRANSACTION_1	START	1680634074454
USER	CLM_TRANSACTION_3	START	1680634074454
USER	CLM_TRANSACTION_2	START	1680634074454
REQUEST		CLM_Transaction_3	1680634074465	1680634074472	KO	j.n.UnknownHostException: esbpprd1: Échec temporaire dans la résolution du nom
REQUEST		CLM_Transaction_1	1680634074468	1680634074472	KO	j.n.UnknownHostException: esbpprd1
REQUEST		CLM_Transaction_2	1680634074467	1680634074474	KO	j.n.UnknownHostException: esbpprd1
REQUEST		CLM_Transaction_2	1680634075460	1680634075460	KO	j.n.UnknownHostException: esbpprd1
REQUEST		CLM_Transaction_3	1680634075487	1680634075487	KO	j.n.UnknownHostException: esbpprd1
REQUEST		CLM_Transaction_1	1680634075488	1680634075488	KO	j.n.UnknownHostException: esbpprd1
REQUEST		CLM_Transaction_2	1680634076460	1680634076460	KO	j.n.UnknownHostException: esbpprd1
REQUEST		CLM_Transaction_1	1680634076460	1680634076460	KO	j.n.UnknownHostException: esbpprd1
REQUEST		CLM_Transaction_3	1680634076462	1680634076463	KO	j.n.UnknownHostException: esbpprd1
USER	CLM_TRANSACTION_1	END	1680634077476
USER	CLM_TRANSACTION_3	END	1680634077476
USER	CLM_TRANSACTION_2	END	1680634077476
USER	CLM_TRANSACTION_3	START	1680634083453
USER	CLM_TRANSACTION_2	START	1680634083453
USER	CLM_TRANSACTION_1	START	1680634083453
REQUEST		CLM_Transaction_2	1680634083455	1680634083455	KO	j.n.UnknownHostException: esbpprd1
REQUEST		CLM_Transaction_1	1680634083455	1680634083455	KO	j.n.UnknownHostException: esbpprd1
REQUEST		CLM_Transaction_3	1680634083455	1680634083455	KO	j.n.UnknownHostException: esbpprd1
REQUEST		CLM_Transaction_3	1680634084475	1680634084476	KO	j.n.UnknownHostException: esbpprd1
REQUEST		CLM_Transaction_2	1680634084476	1680634084482	KO	j.n.UnknownHostException: esbpprd1
REQUEST		CLM_Transaction_1	1680634084475	1680634084480	KO	j.n.UnknownHostException: esbpprd1: Échec temporaire dans la résolution du nom
REQUEST		CLM_Transaction_2	1680634085462	1680634085463	KO	j.n.UnknownHostException: esbpprd1
REQUEST		CLM_Transaction_1	1680634085490	1680634085491	KO	j.n.UnknownHostException: esbpprd1
REQUEST		CLM_Transaction_3	1680634085490	1680634085491	KO	j.n.UnknownHostException: esbpprd1
USER	CLM_TRANSACTION_1	END	1680634086462
USER	CLM_TRANSACTION_2	END	1680634086462
USER	CLM_TRANSACTION_3	END	1680634086464
USER	CLM_TRANSACTION_2	START	1680634092452
USER	CLM_TRANSACTION_3	START	1680634092452
USER	CLM_TRANSACTION_1	START	1680634092453
REQUEST		CLM_Transaction_3	1680634092454	1680634092454	KO	j.n.UnknownHostException: esbpprd1
REQUEST		CLM_Transaction_2	1680634092454	1680634092454	KO	j.n.UnknownHostException: esbpprd1
REQUEST		CLM_Transaction_1	1680634092455	1680634092455	KO	j.n.UnknownHostException: esbpprd1
REQUEST		CLM_Transaction_1	1680634093456	1680634093456	KO	j.n.UnknownHostException: esbpprd1
REQUEST		CLM_Transaction_3	1680634093457	1680634093457	KO	j.n.UnknownHostException: esbpprd1
REQUEST		CLM_Transaction_2	1680634093458	1680634093458	KO	j.n.UnknownHostException: esbpprd1
REQUEST		CLM_Transaction_3	1680634094479	1680634094480	KO	j.n.UnknownHostException: esbpprd1
REQUEST		CLM_Transaction_2	1680634094486	1680634094496	KO	j.n.UnknownHostException: esbpprd1
REQUEST		CLM_Transaction_1	1680634094488	1680634094495	KO	j.n.UnknownHostException: esbpprd1: Échec temporaire dans la résolution du nom
USER	CLM_TRANSACTION_2	END	1680634095464
USER	CLM_TRANSACTION_3	END	1680634095493
USER	CLM_TRANSACTION_1	END	1680634095493
USER	CLM_TRANSACTION_1	START	1680634101452
USER	CLM_TRANSACTION_3	START	1680634101453
USER	CLM_TRANSACTION_2	START	1680634101453
REQUEST		CLM_Transaction_2	1680634101455	1680634101455	KO	j.n.UnknownHostException: esbpprd1
REQUEST		CLM_Transaction_3	1680634101454	1680634101455	KO	j.n.UnknownHostException: esbpprd1
REQUEST		CLM_Transaction_1	1680634101460	1680634101461	KO	j.n.UnknownHostException: esbpprd1
REQUEST		CLM_Transaction_3	1680634102457	1680634102457	KO	j.n.UnknownHostException: esbpprd1
REQUEST		CLM_Transaction_2	1680634102457	1680634102457	KO	j.n.UnknownHostException: esbpprd1
REQUEST		CLM_Transaction_1	1680634102466	1680634102466	KO	j.n.UnknownHostException: esbpprd1
REQUEST		CLM_Transaction_1	1680634103459	1680634103459	KO	j.n.UnknownHostException: esbpprd1
REQUEST		CLM_Transaction_3	1680634103459	1680634103460	KO	j.n.UnknownHostException: esbpprd1
REQUEST		CLM_Transaction_2	1680634103462	1680634103462	KO	j.n.UnknownHostException: esbpprd1
USER	CLM_TRANSACTION_3	END	1680634104481
USER	CLM_TRANSACTION_2	END	1680634104498
USER	CLM_TRANSACTION_1	END	1680634104502
USER	CLM_TRANSACTION_1	START	1680634110453
USER	CLM_TRANSACTION_3	START	1680634110453
USER	CLM_TRANSACTION_2	START	1680634110454
REQUEST		CLM_Transaction_3	1680634110455	1680634110455	KO	j.n.UnknownHostException: esbpprd1
REQUEST		CLM_Transaction_2	1680634110455	1680634110458	KO	j.n.UnknownHostException: esbpprd1
REQUEST		CLM_Transaction_1	1680634110455	1680634110458	KO	j.n.UnknownHostException: esbpprd1: Échec temporaire dans la résolution du nom
REQUEST		CLM_Transaction_2	1680634111457	1680634111457	KO	j.n.UnknownHostException: esbpprd1
REQUEST		CLM_Transaction_3	1680634111457	1680634111457	KO	j.n.UnknownHostException: esbpprd1
REQUEST		CLM_Transaction_1	1680634111463	1680634111463	KO	j.n.UnknownHostException: esbpprd1
REQUEST		CLM_Transaction_2	1680634112459	1680634112459	KO	j.n.UnknownHostException: esbpprd1
REQUEST		CLM_Transaction_3	1680634112459	1680634112460	KO	j.n.UnknownHostException: esbpprd1
REQUEST		CLM_Transaction_1	1680634112469	1680634112469	KO	j.n.UnknownHostException: esbpprd1
USER	CLM_TRANSACTION_1	END	1680634113461
USER	CLM_TRANSACTION_3	END	1680634113461
USER	CLM_TRANSACTION_2	END	1680634113464
USER	CLM_TRANSACTION_2	START	1680634119454
USER	CLM_TRANSACTION_1	START	1680634119454
USER	CLM_TRANSACTION_3	START	1680634119454
REQUEST		CLM_Transaction_1	1680634119458	1680634119459	KO	j.n.UnknownHostException: esbpprd1
REQUEST		CLM_Transaction_2	1680634119459	1680634119459	KO	j.n.UnknownHostException: esbpprd1
REQUEST		CLM_Transaction_3	1680634119459	1680634119460	KO	j.n.UnknownHostException: esbpprd1
REQUEST		CLM_Transaction_1	1680634120461	1680634120463	KO	j.n.UnknownHostException: esbpprd1
REQUEST		CLM_Transaction_2	1680634120461	1680634120463	KO	j.n.UnknownHostException: esbpprd1
REQUEST		CLM_Transaction_3	1680634120459	1680634120463	KO	j.n.UnknownHostException: esbpprd1: Échec temporaire dans la résolution du nom
REQUEST		CLM_Transaction_3	1680634121460	1680634121460	KO	j.n.UnknownHostException: esbpprd1
REQUEST		CLM_Transaction_2	1680634121460	1680634121460	KO	j.n.UnknownHostException: esbpprd1
REQUEST		CLM_Transaction_1	1680634121466	1680634121467	KO	j.n.UnknownHostException: esbpprd1
USER	CLM_TRANSACTION_3	END	1680634122468
USER	CLM_TRANSACTION_2	END	1680634122468
USER	CLM_TRANSACTION_1	END	1680634122471
USER	CLM_TRANSACTION_1	START	1680634128452
USER	CLM_TRANSACTION_3	START	1680634128452
USER	CLM_TRANSACTION_2	START	1680634128452
REQUEST		CLM_Transaction_1	1680634128454	1680634128454	KO	j.n.UnknownHostException: esbpprd1
REQUEST		CLM_Transaction_2	1680634128454	1680634128454	KO	j.n.UnknownHostException: esbpprd1
REQUEST		CLM_Transaction_3	1680634128454	1680634128454	KO	j.n.UnknownHostException: esbpprd1
REQUEST		CLM_Transaction_1	1680634129461	1680634129461	KO	j.n.UnknownHostException: esbpprd1
REQUEST		CLM_Transaction_3	1680634129462	1680634129462	KO	j.n.UnknownHostException: esbpprd1
REQUEST		CLM_Transaction_2	1680634129463	1680634129463	KO	j.n.UnknownHostException: esbpprd1
REQUEST		CLM_Transaction_1	1680634130464	1680634130465	KO	j.n.UnknownHostException: esbpprd1
REQUEST		CLM_Transaction_3	1680634130465	1680634130465	KO	j.n.UnknownHostException: esbpprd1
REQUEST		CLM_Transaction_2	1680634130464	1680634130471	KO	j.n.UnknownHostException: esbpprd1: Échec temporaire dans la résolution du nom
USER	CLM_TRANSACTION_1	END	1680634131480
USER	CLM_TRANSACTION_2	END	1680634131480
USER	CLM_TRANSACTION_3	END	1680634131480
USER	CLM_TRANSACTION_2	START	1680634137472
USER	CLM_TRANSACTION_1	START	1680634137472
USER	CLM_TRANSACTION_3	START	1680634137472
REQUEST		CLM_Transaction_2	1680634137476	1680634137477	KO	j.n.UnknownHostException: esbpprd1
REQUEST		CLM_Transaction_1	1680634137476	1680634137477	KO	j.n.UnknownHostException: esbpprd1
REQUEST		CLM_Transaction_3	1680634137476	1680634137477	KO	j.n.UnknownHostException: esbpprd1
REQUEST		CLM_Transaction_3	1680634138512	1680634138524	KO	j.n.UnknownHostException: esbpprd1
REQUEST		CLM_Transaction_1	1680634138513	1680634138524	KO	j.n.UnknownHostException: esbpprd1
REQUEST		CLM_Transaction_2	1680634138512	1680634138524	KO	j.n.UnknownHostException: esbpprd1
REQUEST		CLM_Transaction_2	1680634139488	1680634139492	KO	j.n.UnknownHostException: esbpprd1
REQUEST		CLM_Transaction_1	1680634139488	1680634139492	KO	j.n.UnknownHostException: esbpprd1
REQUEST		CLM_Transaction_3	1680634139488	1680634139492	KO	j.n.UnknownHostException: esbpprd1
USER	CLM_TRANSACTION_3	END	1680634140509
USER	CLM_TRANSACTION_1	END	1680634140509
USER	CLM_TRANSACTION_2	END	1680634140509
USER	CLM_TRANSACTION_1	START	1680634146467
USER	CLM_TRANSACTION_2	START	1680634146468
USER	CLM_TRANSACTION_3	START	1680634146468
REQUEST		CLM_Transaction_1	1680634146472	1680634146473	KO	j.n.UnknownHostException: esbpprd1
REQUEST		CLM_Transaction_2	1680634146472	1680634146479	KO	j.n.UnknownHostException: esbpprd1: Échec temporaire dans la résolution du nom
REQUEST		CLM_Transaction_3	1680634146474	1680634146480	KO	j.n.UnknownHostException: esbpprd1
REQUEST		CLM_Transaction_2	1680634147478	1680634147481	KO	j.n.UnknownHostException: esbpprd1
REQUEST		CLM_Transaction_3	1680634147481	1680634147481	KO	j.n.UnknownHostException: esbpprd1
REQUEST		CLM_Transaction_1	1680634147478	1680634147480	KO	j.n.UnknownHostException: esbpprd1
REQUEST		CLM_Transaction_1	1680634148528	1680634148528	KO	j.n.UnknownHostException: esbpprd1
REQUEST		CLM_Transaction_2	1680634148528	1680634148528	KO	j.n.UnknownHostException: esbpprd1
REQUEST		CLM_Transaction_3	1680634148530	1680634148530	KO	j.n.UnknownHostException: esbpprd1
USER	CLM_TRANSACTION_3	END	1680634149499
USER	CLM_TRANSACTION_2	END	1680634149499
USER	CLM_TRANSACTION_1	END	1680634149499
USER	CLM_TRANSACTION_3	START	1680634155474
USER	CLM_TRANSACTION_1	START	1680634155474
USER	CLM_TRANSACTION_2	START	1680634155474
REQUEST		CLM_Transaction_3	1680634155475	1680634155479	KO	j.n.UnknownHostException: esbpprd1
REQUEST		CLM_Transaction_1	1680634155475	1680634155479	KO	j.n.UnknownHostException: esbpprd1
REQUEST		CLM_Transaction_2	1680634155475	1680634155479	KO	j.n.UnknownHostException: esbpprd1
REQUEST		CLM_Transaction_1	1680634156476	1680634156476	KO	j.n.UnknownHostException: esbpprd1
REQUEST		CLM_Transaction_2	1680634156481	1680634156482	KO	j.n.UnknownHostException: esbpprd1
REQUEST		CLM_Transaction_3	1680634156481	1680634156506	KO	j.n.UnknownHostException: esbpprd1: Échec temporaire dans la résolution du nom
REQUEST		CLM_Transaction_3	1680634157482	1680634157482	KO	j.n.UnknownHostException: esbpprd1
REQUEST		CLM_Transaction_2	1680634157483	1680634157483	KO	j.n.UnknownHostException: esbpprd1
REQUEST		CLM_Transaction_1	1680634157486	1680634157486	KO	j.n.UnknownHostException: esbpprd1
USER	CLM_TRANSACTION_3	END	1680634158537
USER	CLM_TRANSACTION_2	END	1680634158537
USER	CLM_TRANSACTION_1	END	1680634158537
USER	CLM_TRANSACTION_3	START	1680634164477
USER	CLM_TRANSACTION_1	START	1680634164477
USER	CLM_TRANSACTION_2	START	1680634164478
REQUEST		CLM_Transaction_1	1680634164482	1680634164484	KO	j.n.UnknownHostException: esbpprd1
REQUEST		CLM_Transaction_3	1680634164482	1680634164484	KO	j.n.UnknownHostException: esbpprd1
REQUEST		CLM_Transaction_2	1680634164482	1680634164484	KO	j.n.UnknownHostException: esbpprd1
REQUEST		CLM_Transaction_1	1680634165479	1680634165479	KO	j.n.UnknownHostException: esbpprd1
REQUEST		CLM_Transaction_3	1680634165480	1680634165480	KO	j.n.UnknownHostException: esbpprd1
REQUEST		CLM_Transaction_2	1680634165480	1680634165480	KO	j.n.UnknownHostException: esbpprd1
REQUEST		CLM_Transaction_1	1680634166481	1680634166481	KO	j.n.UnknownHostException: esbpprd1
REQUEST		CLM_Transaction_2	1680634166483	1680634166484	KO	j.n.UnknownHostException: esbpprd1
REQUEST		CLM_Transaction_3	1680634166507	1680634166513	KO	j.n.UnknownHostException: esbpprd1: Échec temporaire dans la résolution du nom
USER	CLM_TRANSACTION_3	END	1680634167492
USER	CLM_TRANSACTION_1	END	1680634167492
USER	CLM_TRANSACTION_2	END	1680634167492
USER	CLM_TRANSACTION_2	START	1680634173468
USER	CLM_TRANSACTION_3	START	1680634173469
REQUEST		CLM_Transaction_2	1680634173475	1680634173476	KO	j.n.UnknownHostException: esbpprd1
USER	CLM_TRANSACTION_1	START	1680634173477
REQUEST		CLM_Transaction_3	1680634173475	1680634173477	KO	j.n.UnknownHostException: esbpprd1
REQUEST		CLM_Transaction_1	1680634173478	1680634173478	KO	j.n.UnknownHostException: esbpprd1
REQUEST		CLM_Transaction_3	1680634174484	1680634174484	KO	j.n.UnknownHostException: esbpprd1
REQUEST		CLM_Transaction_1	1680634174485	1680634174485	KO	